c:\users\user\desktop\computergrafik\praktikum04_transofrmationen\cgvstudio\cgvstudio\debug\vc143.pdb
c:\users\user\desktop\computergrafik\praktikum04_transofrmationen\cgvstudio\cgvstudio\debug\vc143.idb
c:\users\user\desktop\computergrafik\praktikum04_transofrmationen\cgvstudio\cgvstudio\debug\triangleplanemodel.obj
c:\users\user\desktop\computergrafik\praktikum04_transofrmationen\cgvstudio\cgvstudio\debug\triangleboxmodel.obj
c:\users\user\desktop\computergrafik\praktikum04_transofrmationen\cgvstudio\cgvstudio\debug\texture.obj
c:\users\user\desktop\computergrafik\praktikum04_transofrmationen\cgvstudio\cgvstudio\debug\tank.obj
c:\users\user\desktop\computergrafik\praktikum04_transofrmationen\cgvstudio\cgvstudio\debug\scene.obj
c:\users\user\desktop\computergrafik\praktikum04_transofrmationen\cgvstudio\cgvstudio\debug\rgbimage.obj
c:\users\user\desktop\computergrafik\praktikum04_transofrmationen\cgvstudio\cgvstudio\debug\phongshader.obj
c:\users\user\desktop\computergrafik\praktikum04_transofrmationen\cgvstudio\cgvstudio\debug\model.obj
c:\users\user\desktop\computergrafik\praktikum04_transofrmationen\cgvstudio\cgvstudio\debug\matrix.obj
c:\users\user\desktop\computergrafik\praktikum04_transofrmationen\cgvstudio\cgvstudio\debug\lineplanemodel.obj
c:\users\user\desktop\computergrafik\praktikum04_transofrmationen\cgvstudio\cgvstudio\debug\lineboxmodel.obj
c:\users\user\desktop\computergrafik\praktikum04_transofrmationen\cgvstudio\cgvstudio\debug\indexbuffer.obj
c:\users\user\desktop\computergrafik\praktikum04_transofrmationen\cgvstudio\cgvstudio\debug\constantshader.obj
c:\users\user\desktop\computergrafik\praktikum04_transofrmationen\cgvstudio\cgvstudio\debug\color.obj
c:\users\user\desktop\computergrafik\praktikum04_transofrmationen\cgvstudio\cgvstudio\debug\camera.obj
c:\users\user\desktop\computergrafik\praktikum04_transofrmationen\cgvstudio\cgvstudio\debug\baseshader.obj
c:\users\user\desktop\computergrafik\praktikum04_transofrmationen\cgvstudio\cgvstudio\debug\basemodel.obj
c:\users\user\desktop\computergrafik\praktikum04_transofrmationen\cgvstudio\cgvstudio\debug\aabb.obj
c:\users\user\desktop\computergrafik\praktikum04_transofrmationen\cgvstudio\cgvstudio\debug\menumanager.obj
c:\users\user\desktop\computergrafik\praktikum04_transofrmationen\cgvstudio\cgvstudio\debug\shaderlightmapper.obj
c:\users\user\desktop\computergrafik\praktikum04_transofrmationen\cgvstudio\cgvstudio\debug\player.obj
c:\users\user\desktop\computergrafik\praktikum04_transofrmationen\cgvstudio\cgvstudio\debug\plattform.obj
c:\users\user\desktop\computergrafik\praktikum04_transofrmationen\cgvstudio\cgvstudio\debug\particleshader.obj
c:\users\user\desktop\computergrafik\praktikum04_transofrmationen\cgvstudio\cgvstudio\debug\particelsystem.obj
c:\users\user\desktop\computergrafik\praktikum04_transofrmationen\cgvstudio\cgvstudio\debug\level.obj
c:\users\user\desktop\computergrafik\praktikum04_transofrmationen\cgvstudio\cgvstudio\debug\imgui_widgets.obj
c:\users\user\desktop\computergrafik\praktikum04_transofrmationen\cgvstudio\cgvstudio\debug\imgui_tables.obj
c:\users\user\desktop\computergrafik\praktikum04_transofrmationen\cgvstudio\cgvstudio\debug\imgui_impl_glfw.obj
c:\users\user\desktop\computergrafik\praktikum04_transofrmationen\cgvstudio\cgvstudio\debug\imgui_draw.obj
c:\users\user\desktop\computergrafik\praktikum04_transofrmationen\cgvstudio\cgvstudio\debug\imgui.obj
c:\users\user\desktop\computergrafik\praktikum04_transofrmationen\cgvstudio\cgvstudio\debug\imgui_impl_opengl3.obj
c:\users\user\desktop\computergrafik\praktikum04_transofrmationen\cgvstudio\cgvstudio\debug\vertexbuffer.obj
c:\users\user\desktop\computergrafik\praktikum04_transofrmationen\cgvstudio\cgvstudio\debug\vector.obj
c:\users\user\desktop\computergrafik\praktikum04_transofrmationen\cgvstudio\cgvstudio\debug\trianglespheremodel.obj
c:\users\user\desktop\computergrafik\praktikum04_transofrmationen\cgvstudio\cgvstudio\debug\main.obj
c:\users\user\desktop\computergrafik\praktikum04_transofrmationen\cgvstudio\cgvstudio\debug\application.obj
c:\users\user\desktop\computergrafik\praktikum04_transofrmationen\cgvstudio\cgvstudio\debug\praktikum04_transofrmationen.ilk
c:\users\user\desktop\computergrafik\praktikum04_transofrmationen\cgvstudio\debug\praktikum04_transofrmationen.pdb
c:\users\user\desktop\computergrafik\praktikum04_transofrmationen\cgvstudio\cgvstudio\debug\praktiku.428a6cfb.tlog\cl.command.1.tlog
c:\users\user\desktop\computergrafik\praktikum04_transofrmationen\cgvstudio\cgvstudio\debug\praktiku.428a6cfb.tlog\cl.items.tlog
c:\users\user\desktop\computergrafik\praktikum04_transofrmationen\cgvstudio\cgvstudio\debug\praktiku.428a6cfb.tlog\cl.read.1.tlog
c:\users\user\desktop\computergrafik\praktikum04_transofrmationen\cgvstudio\cgvstudio\debug\praktiku.428a6cfb.tlog\cl.write.1.tlog
c:\users\user\desktop\computergrafik\praktikum04_transofrmationen\cgvstudio\cgvstudio\debug\praktiku.428a6cfb.tlog\link.52888-cvtres.read.1.tlog
c:\users\user\desktop\computergrafik\praktikum04_transofrmationen\cgvstudio\cgvstudio\debug\praktiku.428a6cfb.tlog\link.52888-cvtres.write.1.tlog
c:\users\user\desktop\computergrafik\praktikum04_transofrmationen\cgvstudio\cgvstudio\debug\praktiku.428a6cfb.tlog\link.52888-rc.read.1.tlog
c:\users\user\desktop\computergrafik\praktikum04_transofrmationen\cgvstudio\cgvstudio\debug\praktiku.428a6cfb.tlog\link.52888-rc.write.1.tlog
c:\users\user\desktop\computergrafik\praktikum04_transofrmationen\cgvstudio\cgvstudio\debug\praktiku.428a6cfb.tlog\link.52888.read.1.tlog
c:\users\user\desktop\computergrafik\praktikum04_transofrmationen\cgvstudio\cgvstudio\debug\praktiku.428a6cfb.tlog\link.52888.write.1.tlog
c:\users\user\desktop\computergrafik\praktikum04_transofrmationen\cgvstudio\cgvstudio\debug\praktiku.428a6cfb.tlog\link.command.1.tlog
c:\users\user\desktop\computergrafik\praktikum04_transofrmationen\cgvstudio\cgvstudio\debug\praktiku.428a6cfb.tlog\link.read.1.tlog
c:\users\user\desktop\computergrafik\praktikum04_transofrmationen\cgvstudio\cgvstudio\debug\praktiku.428a6cfb.tlog\link.secondary.1.tlog
c:\users\user\desktop\computergrafik\praktikum04_transofrmationen\cgvstudio\cgvstudio\debug\praktiku.428a6cfb.tlog\link.write.1.tlog
